<?xml version="1.0" encoding="UTF-8"?>
<!-- Generated by org.testng.reporters.JUnitXMLReporter -->
<testsuite ignored="0" hostname="LAPTOP-IHF5RI3G" failures="0" tests="3" name="Default test" time="56.228" errors="0" timestamp="2026-01-30T21:50:27 IST">
  <testcase classname="tests.SignUpTest" name="registerUserTest" time="6.831"/>
  <testcase classname="tests.SignUpTest" name="registerUserTest" time="3.254"/>
  <testcase classname="tests.SignUpTest" name="registerUserTest" time="2.962"/>
</testsuite> <!-- Default test -->
