<?xml version="1.0" encoding="UTF-8"?>
<testng-results ignored="0" total="3" passed="3" failed="0" skipped="0">
  <reporter-output>
  </reporter-output>
  <suite started-at="2026-01-30T21:49:31 IST" name="Default suite" finished-at="2026-01-30T21:50:27 IST" duration-ms="56228">
    <groups>
    </groups>
    <test started-at="2026-01-30T21:49:31 IST" name="Default test" finished-at="2026-01-30T21:50:27 IST" duration-ms="56228">
      <class name="tests.SignUpTest">
        <test-method is-config="true" signature="setup()[pri:0, instance:tests.SignUpTest@ba2f4ec]" started-at="2026-01-30T21:49:31 IST" name="setup" finished-at="2026-01-30T21:50:06 IST" duration-ms="34878" status="PASS">
          <reporter-output>
          </reporter-output>
        </test-method> <!-- setup -->
        <test-method is-config="true" signature="navigateToHome()[pri:0, instance:tests.SignUpTest@ba2f4ec]" started-at="2026-01-30T21:50:07 IST" name="navigateToHome" finished-at="2026-01-30T21:50:10 IST" duration-ms="2587" status="PASS">
          <reporter-output>
          </reporter-output>
        </test-method> <!-- navigateToHome -->
        <test-method signature="registerUserTest(java.lang.String,java.lang.String,java.lang.String,java.lang.String,java.lang.String,java.lang.String)[pri:0, instance:tests.SignUpTest@ba2f4ec]" started-at="2026-01-30T21:50:10 IST" name="registerUserTest" data-provider="signUpData" finished-at="2026-01-30T21:50:17 IST" duration-ms="6831" status="PASS">
          <params>
            <param index="0">
              <value>
                <![CDATA[Hemanth]]>
              </value>
            </param>
            <param index="1">
              <value>
                <![CDATA[R]]>
              </value>
            </param>
            <param index="2">
              <value>
                <![CDATA[hemanth@gmail.com]]>
              </value>
            </param>
            <param index="3">
              <value>
                <![CDATA[9876543210]]>
              </value>
            </param>
            <param index="4">
              <value>
                <![CDATA[Test@123]]>
              </value>
            </param>
            <param index="5">
              <value>
                <![CDATA[success]]>
              </value>
            </param>
          </params>
          <reporter-output>
          </reporter-output>
        </test-method> <!-- registerUserTest -->
        <test-method is-config="true" signature="navigateToHome()[pri:0, instance:tests.SignUpTest@ba2f4ec]" started-at="2026-01-30T21:50:17 IST" name="navigateToHome" finished-at="2026-01-30T21:50:19 IST" duration-ms="2222" status="PASS">
          <reporter-output>
          </reporter-output>
        </test-method> <!-- navigateToHome -->
        <test-method signature="registerUserTest(java.lang.String,java.lang.String,java.lang.String,java.lang.String,java.lang.String,java.lang.String)[pri:0, instance:tests.SignUpTest@ba2f4ec]" started-at="2026-01-30T21:50:19 IST" name="registerUserTest" data-provider="signUpData" finished-at="2026-01-30T21:50:22 IST" duration-ms="3254" status="PASS">
          <params>
            <param index="0">
              <value>
                <![CDATA[Aman]]>
              </value>
            </param>
            <param index="1">
              <value>
                <![CDATA[M]]>
              </value>
            </param>
            <param index="2">
              <value>
                <![CDATA[Amangmail.com]]>
              </value>
            </param>
            <param index="3">
              <value>
                <![CDATA[12345]]>
              </value>
            </param>
            <param index="4">
              <value>
                <![CDATA[Test@123]]>
              </value>
            </param>
            <param index="5">
              <value>
                <![CDATA[failure]]>
              </value>
            </param>
          </params>
          <reporter-output>
          </reporter-output>
        </test-method> <!-- registerUserTest -->
        <test-method is-config="true" signature="navigateToHome()[pri:0, instance:tests.SignUpTest@ba2f4ec]" started-at="2026-01-30T21:50:22 IST" name="navigateToHome" finished-at="2026-01-30T21:50:24 IST" duration-ms="1990" status="PASS">
          <reporter-output>
          </reporter-output>
        </test-method> <!-- navigateToHome -->
        <test-method signature="registerUserTest(java.lang.String,java.lang.String,java.lang.String,java.lang.String,java.lang.String,java.lang.String)[pri:0, instance:tests.SignUpTest@ba2f4ec]" started-at="2026-01-30T21:50:24 IST" name="registerUserTest" data-provider="signUpData" finished-at="2026-01-30T21:50:27 IST" duration-ms="2962" status="PASS">
          <params>
            <param index="0">
              <value>
                <![CDATA[Rukmini]]>
              </value>
            </param>
            <param index="1">
              <value>
                <![CDATA[R]]>
              </value>
            </param>
            <param index="2">
              <value>
                <![CDATA[Rukmini@gmail.com]]>
              </value>
            </param>
            <param index="3">
              <value>
                <![CDATA[123]]>
              </value>
            </param>
            <param index="4">
              <value>
                <![CDATA[]]>
              </value>
            </param>
            <param index="5">
              <value>
                <![CDATA[failure]]>
              </value>
            </param>
          </params>
          <reporter-output>
          </reporter-output>
        </test-method> <!-- registerUserTest -->
        <test-method is-config="true" signature="tearDown()[pri:0, instance:tests.SignUpTest@ba2f4ec]" started-at="2026-01-30T21:50:27 IST" name="tearDown" finished-at="2026-01-30T21:50:27 IST" duration-ms="2" status="PASS">
          <reporter-output>
          </reporter-output>
        </test-method> <!-- tearDown -->
      </class> <!-- tests.SignUpTest -->
    </test> <!-- Default test -->
  </suite> <!-- Default suite -->
</testng-results>
