<?xml version="1.0" encoding="UTF-8"?>
<!-- Generated by org.testng.reporters.JUnitReportReporter -->
<testsuite hostname="LAPTOP-IHF5RI3G" failures="0" tests="5" name="tests.ProductListingTest" time="32.849" errors="0" timestamp="2026-01-28T18:43:47 IST" skipped="0">
  <testcase classname="tests.ProductListingTest" name="validateKeywordInUrl" time="5.471"/>
  <testcase classname="tests.ProductListingTest" name="validatePriceRangeFilter" time="10.352"/>
  <testcase classname="tests.ProductListingTest" name="validateSortHighToLow" time="4.777"/>
  <testcase classname="tests.ProductListingTest" name="validateFilterAvailabilityAndApply" time="7.707"/>
  <testcase classname="tests.ProductListingTest" name="validateSortLowToHigh" time="4.542"/>
</testsuite> <!-- tests.ProductListingTest -->
