<?xml version="1.0" encoding="UTF-8"?>
<!-- Generated by org.testng.reporters.JUnitReportReporter -->
<testsuite hostname="LAPTOP-IHF5RI3G" failures="0" tests="4" name="tests.LoginTest" time="28.322" errors="0" timestamp="2026-01-28T21:31:29 IST" skipped="0">
  <testcase classname="tests.LoginTest" name="facebookLoginTest" time="6.596"/>
  <testcase classname="tests.LoginTest" name="facebookLoginTest" time="6.709"/>
  <testcase classname="tests.LoginTest" name="facebookLoginTest" time="8.060"/>
  <testcase classname="tests.LoginTest" name="facebookLoginTest" time="6.957"/>
</testsuite> <!-- tests.LoginTest -->
