<?xml version="1.0" encoding="UTF-8"?>
<!-- Generated by org.testng.reporters.JUnitReportReporter -->
<testsuite hostname="LAPTOP-IHF5RI3G" failures="0" tests="3" name="tests.SignUpTest" time="19.846" errors="0" timestamp="2026-01-30T21:50:28 IST" skipped="0">
  <testcase classname="tests.SignUpTest" name="registerUserTest" time="8.821"/>
  <testcase classname="tests.SignUpTest" name="registerUserTest" time="5.549"/>
  <testcase classname="tests.SignUpTest" name="registerUserTest" time="5.476"/>
</testsuite> <!-- tests.SignUpTest -->
